<?xml version="1.0" encoding="UTF-8"?>
<!-- Generated by org.testng.reporters.JUnitReportReporter -->
<testsuite hostname="DESKTOP-8DOHR8M" failures="0" tests="2" name="testclasses.ProductTest" time="62.990" errors="0" timestamp="2023-09-13T23:29:20 IST" skipped="0">
  <testcase classname="testclasses.ProductTest" name="verifyDropDownPageOptions" time="34.925"/>
  <testcase classname="testclasses.ProductTest" name="verifyProductPageOptions" time="28.065"/>
</testsuite> <!-- testclasses.ProductTest -->
